=,=,=,=,=,=,=,=,+,p,e,=,T,T { T 17.0000 }
# k=1, 1 Neighbor(s) at distance: 	0.0000000000000
#	=,=,=,=,=,=,=,=,+,p,e,=,{ T 1.00000 }
# k=2, 14 Neighbor(s) at distance: 	0.042844587034556
#	=,=,=,=,=,=,=,=,+,=,e,=,{ T 1.00000 }
#	=,=,=,=,=,=,=,=,+,r,e,=,{ T 1.00000 }
#	=,=,=,=,=,=,=,=,+,z,e,=,{ T 1.00000 }
#	=,=,=,=,=,=,=,=,+,sn,e,=,{ T 1.00000 }
#	=,=,=,=,=,=,=,=,+,x,e,=,{ T 1.00000 }
#	=,=,=,=,=,=,=,=,+,v,e,=,{ T 1.00000 }
#	=,=,=,=,=,=,=,=,+,st,e,=,{ T 1.00000 }
#	=,=,=,=,=,=,=,=,+,s,e,=,{ T 1.00000 }
#	=,=,=,=,=,=,=,=,+,d,e,=,{ T 1.00000 }
#	=,=,=,=,=,=,=,=,+,sx,e,=,{ T 1.00000 }
#	=,=,=,=,=,=,=,=,+,sl,e,=,{ T 1.00000 }
#	=,=,=,=,=,=,=,=,+,tw,e,=,{ T 1.00000 }
#	=,=,=,=,=,=,=,=,+,xl,e,=,{ T 1.00000 }
#	=,=,=,=,=,=,=,=,+,kw,e,=,{ T 1.00000 }
# k=3, 2 Neighbor(s) at distance: 	0.10712434491904
#	=,=,=,=,-,k,u,=,+,p,e,=,{ T 1.00000 }
#	=,=,=,=,-,s,u,=,+,p,e,=,{ T 1.00000 }
=,=,=,=,+,k,u,=,-,bl,u,m,E,E { E 4.00000, P 3.00000 }
# k=1, 1 Neighbor(s) at distance: 	0.0000000000000
#	=,=,=,=,+,k,u,=,-,bl,u,m,{ P 1.00000 }
# k=2, 1 Neighbor(s) at distance: 	0.059425114166802
#	=,=,=,=,+,m,K,=,-,bl,u,m,{ E 1.00000 }
# k=3, 5 Neighbor(s) at distance: 	0.10340897860451
#	=,=,=,=,+,m,O,z,-,bl,u,m,{ E 1.00000, P 1.00000 }
#	=,=,=,=,+,st,K,l,-,bl,u,m,{ E 1.00000 }
#	=,=,=,=,+,m,y,r,-,bl,u,m,{ E 1.00000, P 1.00000 }
+,m,I,=,-,d,A,G,-,d,},t,J,J { J 8.00000 }
# k=1, 1 Neighbor(s) at distance: 	0.28274085738293
#	-,v,@,r,+,v,A,l,-,p,},t,{ J 1.00000 }
# k=2, 6 Neighbor(s) at distance: 	0.31189001525871
#	=,=,=,=,=,=,=,=,+,k,},t,{ J 1.00000 }
#	=,=,=,=,=,=,=,=,+,l,},t,{ J 1.00000 }
#	=,=,=,=,=,=,=,=,+,fr,},t,{ J 1.00000 }
#	=,=,=,=,=,=,=,=,+,p,},t,{ J 1.00000 }
#	=,=,=,=,=,=,=,=,+,h,},t,{ J 1.00000 }
#	=,=,=,=,=,=,=,=,+,xr,},t,{ J 1.00000 }
# k=3, 1 Neighbor(s) at distance: 	0.32552862282817
#	+,m,K,=,-,d,@,=,-,pr,a,t,{ J 1.00000 }
